Determining if the function wsyncup exists in the /usr/lib64/libcurses.so passed with the following output:
Change Dir: /data/home/nanwang/misc/tools/cmake-3.20.3/Source/Checks/Curses-build/CMakeFiles/CMakeTmp

Run Build Command(s):/usr/bin/gmake -f Makefile cmTC_0ff10/fast && gmake  -f CMakeFiles/cmTC_0ff10.dir/build.make CMakeFiles/cmTC_0ff10.dir/build
gmake[1]: Entering directory `/data/home/nanwang/misc/tools/cmake-3.20.3/Source/Checks/Curses-build/CMakeFiles/CMakeTmp'
Building C object CMakeFiles/cmTC_0ff10.dir/CheckFunctionExists.c.o
/usr/bin/gcc   -DCHECK_FUNCTION_EXISTS=wsyncup -o CMakeFiles/cmTC_0ff10.dir/CheckFunctionExists.c.o -c /data/home/nanwang/misc/tools/cmake-3.20.3/Modules/CheckFunctionExists.c
Linking C executable cmTC_0ff10
/data/home/nanwang/misc/tools/cmake-3.20.3/Bootstrap.cmk/cmake -E cmake_link_script CMakeFiles/cmTC_0ff10.dir/link.txt --verbose=1
/usr/bin/gcc  -DCHECK_FUNCTION_EXISTS=wsyncup -rdynamic CMakeFiles/cmTC_0ff10.dir/CheckFunctionExists.c.o -o cmTC_0ff10  -lcurses 
gmake[1]: Leaving directory `/data/home/nanwang/misc/tools/cmake-3.20.3/Source/Checks/Curses-build/CMakeFiles/CMakeTmp'



Determining if the function cbreak exists in the /usr/lib64/libncurses.so passed with the following output:
Change Dir: /data/home/nanwang/misc/tools/cmake-3.20.3/Source/Checks/Curses-build/CMakeFiles/CMakeTmp

Run Build Command(s):/usr/bin/gmake -f Makefile cmTC_271fa/fast && gmake  -f CMakeFiles/cmTC_271fa.dir/build.make CMakeFiles/cmTC_271fa.dir/build
gmake[1]: Entering directory `/data/home/nanwang/misc/tools/cmake-3.20.3/Source/Checks/Curses-build/CMakeFiles/CMakeTmp'
Building C object CMakeFiles/cmTC_271fa.dir/CheckFunctionExists.c.o
/usr/bin/gcc   -DCHECK_FUNCTION_EXISTS=cbreak -o CMakeFiles/cmTC_271fa.dir/CheckFunctionExists.c.o -c /data/home/nanwang/misc/tools/cmake-3.20.3/Modules/CheckFunctionExists.c
Linking C executable cmTC_271fa
/data/home/nanwang/misc/tools/cmake-3.20.3/Bootstrap.cmk/cmake -E cmake_link_script CMakeFiles/cmTC_271fa.dir/link.txt --verbose=1
/usr/bin/gcc  -DCHECK_FUNCTION_EXISTS=cbreak -rdynamic CMakeFiles/cmTC_271fa.dir/CheckFunctionExists.c.o -o cmTC_271fa  -lncurses 
gmake[1]: Leaving directory `/data/home/nanwang/misc/tools/cmake-3.20.3/Source/Checks/Curses-build/CMakeFiles/CMakeTmp'



Determining if the function nodelay exists in the /usr/lib64/libncurses.so passed with the following output:
Change Dir: /data/home/nanwang/misc/tools/cmake-3.20.3/Source/Checks/Curses-build/CMakeFiles/CMakeTmp

Run Build Command(s):/usr/bin/gmake -f Makefile cmTC_c3c0e/fast && gmake  -f CMakeFiles/cmTC_c3c0e.dir/build.make CMakeFiles/cmTC_c3c0e.dir/build
gmake[1]: Entering directory `/data/home/nanwang/misc/tools/cmake-3.20.3/Source/Checks/Curses-build/CMakeFiles/CMakeTmp'
Building C object CMakeFiles/cmTC_c3c0e.dir/CheckFunctionExists.c.o
/usr/bin/gcc   -DCHECK_FUNCTION_EXISTS=nodelay -o CMakeFiles/cmTC_c3c0e.dir/CheckFunctionExists.c.o -c /data/home/nanwang/misc/tools/cmake-3.20.3/Modules/CheckFunctionExists.c
Linking C executable cmTC_c3c0e
/data/home/nanwang/misc/tools/cmake-3.20.3/Bootstrap.cmk/cmake -E cmake_link_script CMakeFiles/cmTC_c3c0e.dir/link.txt --verbose=1
/usr/bin/gcc  -DCHECK_FUNCTION_EXISTS=nodelay -rdynamic CMakeFiles/cmTC_c3c0e.dir/CheckFunctionExists.c.o -o cmTC_c3c0e  -lncurses 
gmake[1]: Leaving directory `/data/home/nanwang/misc/tools/cmake-3.20.3/Source/Checks/Curses-build/CMakeFiles/CMakeTmp'



